[0;32m[✓][0m DMARCレコードが見つかりました
[2025-08-06 23:12:59] SUCCESS: DMARCレコードが見つかりました
  v=DMARC1; p=none; rua=mailto:dmarc@blankinai.com
[0;32m[✓][0m ポリシー: 監視モード (p=none)
[2025-08-06 23:12:59] SUCCESS: ポリシー: 監視モード (p=none)
[0;32m[✓][0m 集約レポート設定: あり
[2025-08-06 23:12:59] SUCCESS: 集約レポート設定: あり
[1;33m[⚠][0m フォレンジックレポート設定: なし
[2025-08-06 23:12:59] WARNING: フォレンジックレポート設定: なし
[0;32m[✓][0m SPFレコードが見つかりました
[2025-08-06 23:12:59] SUCCESS: SPFレコードが見つかりました
  "v=spf1 a:www1634.sakura.ne.jp mx ~all"
[0;32m[✓][0m DKIM TXTレコードが見つかりました
[2025-08-06 23:12:59] SUCCESS: DKIM TXTレコードが見つかりました
[0;34m[INFO][0m 推定鍵長: 約 0 ビット
[2025-08-06 23:12:59] INFO: 推定鍵長: 約 0 ビット
[0;32m[✓][0m MXレコードが見つかりました
[2025-08-06 23:12:59] SUCCESS: MXレコードが見つかりました
  10 blankinai.com.
[0;32m[✓][0m DNS伝播確認 (Google): OK
[2025-08-06 23:12:59] SUCCESS: DNS伝播確認 (Google): OK
[0;32m[✓][0m DNS伝播確認 (Cloudflare): OK
[2025-08-06 23:12:59] SUCCESS: DNS伝播確認 (Cloudflare): OK
[0;32m[✓][0m DNS伝播確認 (OpenDNS): OK
[2025-08-06 23:12:59] SUCCESS: DNS伝播確認 (OpenDNS): OK
[0;34m[INFO][0m DMARCレコードTTL: 
<<>>
global
3600秒
[2025-08-06 23:12:59] INFO: DMARCレコードTTL: 
<<>>
global
3600秒
[0;34m[INFO][0m 以下のツールで手動確認を推奨:
[2025-08-06 23:12:59] INFO: 以下のツールで手動確認を推奨:
[0;34m[INFO][0m 以下のサービスにテストメールを送信してください:
[2025-08-06 23:12:59] INFO: 以下のサービスにテストメールを送信してください:
