
> my-board-app@0.1.0 build
> next build

   ▲ Next.js 15.4.5
   - Environments: .env.local

   Creating an optimized production build ...
 ✓ Compiled successfully in 5.0s
   Linting and checking validity of types ...

Failed to compile.

./src/app/api/posts/[id]/route.ts
52:19  Error: Unexpected any. Specify a different type.  @typescript-eslint/no-explicit-any
55:62  Error: Unexpected any. Specify a different type.  @typescript-eslint/no-explicit-any

./src/app/api/posts/route.ts
32:19  Error: Unexpected any. Specify a different type.  @typescript-eslint/no-explicit-any
34:62  Error: Unexpected any. Specify a different type.  @typescript-eslint/no-explicit-any

./src/app/page.tsx
46:14  Warning: 'error' is defined but never used.  @typescript-eslint/no-unused-vars
72:14  Warning: 'error' is defined but never used.  @typescript-eslint/no-unused-vars
104:14  Warning: 'error' is defined but never used.  @typescript-eslint/no-unused-vars
124:14  Warning: 'error' is defined but never used.  @typescript-eslint/no-unused-vars

info  - Need to disable some ESLint rules? Learn more here: https://nextjs.org/docs/app/api-reference/config/eslint#disabling-rules
